<?xml version="1.0" encoding="UTF-8" ?>
<testsuite tests="41" failures="0" name="ca.qc.bdeb.baldr.noyau.TaskTest" time="0.275" errors="0" skipped="2">
  <properties>
    <property name="idea.version" value="2021.3.1"/>
    <property name="java.runtime.name" value="Java(TM) SE Runtime Environment"/>
    <property name="java.vm.version" value="14.0.2+12-46"/>
    <property name="sun.boot.library.path" value="C:\Program Files\Java\jdk-14.0.2\bin"/>
    <property name="maven.multiModuleProjectDirectory" value="C:\Users\Alienware\Documents\Baldr"/>
    <property name="java.vm.vendor" value="Oracle Corporation"/>
    <property name="java.vendor.url" value="https://java.oracle.com/"/>
    <property name="guice.disable.misplaced.annotation.check" value="true"/>
    <property name="path.separator" value=";"/>
    <property name="java.vm.name" value="Java HotSpot(TM) 64-Bit Server VM"/>
    <property name="sun.os.patch.level" value=""/>
    <property name="user.script" value=""/>
    <property name="user.country" value="CA"/>
    <property name="sun.java.launcher" value="SUN_STANDARD"/>
    <property name="java.vm.specification.name" value="Java Virtual Machine Specification"/>
    <property name="user.dir" value="C:\Users\Alienware\Documents\Baldr"/>
    <property name="java.vm.compressedOopsMode" value="Zero based"/>
    <property name="java.runtime.version" value="14.0.2+12-46"/>
    <property name="os.arch" value="amd64"/>
    <property name="java.io.tmpdir" value="C:\Users\Alienware\AppData\Local\Temp\"/>
    <property name="line.separator" value="
"/>
    <property name="java.vm.specification.vendor" value="Oracle Corporation"/>
    <property name="user.variant" value=""/>
    <property name="os.name" value="Windows 10"/>
    <property name="maven.ext.class.path" value="C:\Program Files\JetBrains\IntelliJ IDEA Community Edition 2021.3.1\plugins\maven\lib\maven-event-listener.jar"/>
    <property name="classworlds.conf" value="C:\Program Files\JetBrains\IntelliJ IDEA Community Edition 2021.3.1\plugins\maven\lib\maven3\bin\m2.conf"/>
    <property name="sun.jnu.encoding" value="Cp1252"/>
    <property name="java.library.path" value="C:\Program Files\Java\jdk-14.0.2\bin;C:\WINDOWS\Sun\Java\bin;C:\WINDOWS\system32;C:\WINDOWS;C:\Program Files (x86)\VMware\VMware Workstation\bin\;C:\ProgramData\Oracle\Java\javapath;C:\Program Files (x86)\NVIDIA Corporation\PhysX\Common;C:\Program Files (x86)\Razer Chroma SDK\bin;C:\Program Files\Razer Chroma SDK\bin;C:\Program Files (x86)\Razer\ChromaBroadcast\bin;C:\Program Files\Razer\ChromaBroadcast\bin;C:\Program Files (x86)\Common Files\Oracle\Java\javapath;C:\WINDOWS\system32;C:\WINDOWS;C:\WINDOWS\System32\Wbem;C:\WINDOWS\System32\WindowsPowerShell\v1.0\;C:\WINDOWS\System32\OpenSSH\;C:\WINDOWS\system32\config\systemprofile\AppData\Local\Microsoft\WindowsApps;C:\Program Files\nodejs\;C:\ProgramData\chocolatey\bin;C:\WINDOWS\system32;C:\WINDOWS;C:\WINDOWS\System32\Wbem;C:\WINDOWS\System32\WindowsPowerShell\v1.0\;C:\WINDOWS\System32\OpenSSH\;C:\Program Files\PuTTY\;C:\Program Files\Git\cmd;C:\Program Files (x86)\Windows Live\Shared;C:\Users\Alienware\AppData\Local\Programs\Python\Python39\Scripts\;C:\Users\Alienware\AppData\Local\Programs\Python\Python39\;C:\Users\Alienware\AppData\Local\Programs\Python\Launcher\;C:\Users\Alienware\AppData\Local\Microsoft\WindowsApps;C:\Users\Alienware\AppData\Local\Programs\Microsoft VS Code\bin;C:\Users\Alienware\AppData\Roaming\npm;C:\Users\Alienware\AppData\Local\Programs\Microsoft VS Code Insiders\bin;C:\Users\Alienware\AppData\Local\GitHubDesktop\bin;."/>
    <property name="maven.conf" value="C:\Program Files\JetBrains\IntelliJ IDEA Community Edition 2021.3.1\plugins\maven\lib\maven3/conf"/>
    <property name="jdk.debug" value="release"/>
    <property name="java.class.version" value="58.0"/>
    <property name="java.specification.name" value="Java Platform API Specification"/>
    <property name="sun.management.compiler" value="HotSpot 64-Bit Tiered Compilers"/>
    <property name="os.version" value="10.0"/>
    <property name="user.home" value="C:\Users\Alienware"/>
    <property name="user.timezone" value="America/Toronto"/>
    <property name="file.encoding" value="UTF-8"/>
    <property name="java.specification.version" value="14"/>
    <property name="user.name" value="Alienware"/>
    <property name="java.class.path" value="C:\Program Files\JetBrains\IntelliJ IDEA Community Edition 2021.3.1\plugins\maven\lib\maven3\boot\plexus-classworlds-2.6.0.jar;C:\Program Files\JetBrains\IntelliJ IDEA Community Edition 2021.3.1\plugins\maven\lib\maven3\boot\plexus-classworlds.license"/>
    <property name="java.vm.specification.version" value="14"/>
    <property name="sun.arch.data.model" value="64"/>
    <property name="sun.java.command" value="org.codehaus.classworlds.Launcher -Didea.version=2021.3.1 test"/>
    <property name="java.home" value="C:\Program Files\Java\jdk-14.0.2"/>
    <property name="user.language" value="fr"/>
    <property name="java.specification.vendor" value="Oracle Corporation"/>
    <property name="java.vm.info" value="mixed mode, sharing"/>
    <property name="java.version" value="14.0.2"/>
    <property name="java.vendor" value="Oracle Corporation"/>
    <property name="maven.home" value="C:\Program Files\JetBrains\IntelliJ IDEA Community Edition 2021.3.1\plugins\maven\lib\maven3"/>
    <property name="file.separator" value="\"/>
    <property name="java.version.date" value="2020-07-14"/>
    <property name="java.vendor.url.bug" value="https://bugreport.java.com/bugreport/"/>
    <property name="sun.io.unicode.encoding" value="UnicodeLittle"/>
    <property name="sun.cpu.endian" value="little"/>
    <property name="sun.cpu.isalist" value="amd64"/>
  </properties>
  <testcase classname="ca.qc.bdeb.baldr.noyau.TaskTest" name="testAnalyseConcatenationFichierContenuDifferent" time="0.041"/>
  <testcase classname="ca.qc.bdeb.baldr.noyau.TaskTest" name="testAnalyseConcatenationAnnuler" time="0.002"/>
  <testcase classname="ca.qc.bdeb.baldr.noyau.TaskTest" name="testEnleverCommentairesRessemblanceAssembleur" time="0.005"/>
  <testcase classname="ca.qc.bdeb.baldr.noyau.TaskTest" name="TesterCacherFichier" time="0"/>
  <testcase classname="ca.qc.bdeb.baldr.noyau.TaskTest" name="testVerifierOccurenceSousDossier" time="0.004"/>
  <testcase classname="ca.qc.bdeb.baldr.noyau.TaskTest" name="testGetPrefs" time="0.001"/>
  <testcase classname="ca.qc.bdeb.baldr.noyau.TaskTest" name="testAjouterObservateur" time="0.002"/>
  <testcase classname="ca.qc.bdeb.baldr.noyau.TaskTest" name="testRestaurerFichiersCaches" time="0.002">
    <skipped/>
  </testcase>
  <testcase classname="ca.qc.bdeb.baldr.noyau.TaskTest" name="testCompareRetraitCommentairesEtRetraitCommentairesLignes" time="0.021"/>
  <testcase classname="ca.qc.bdeb.baldr.noyau.TaskTest" name="testStop" time="0.001"/>
  <testcase classname="ca.qc.bdeb.baldr.noyau.TaskTest" name="testEnleverLignesBlanches" time="0.003"/>
  <testcase classname="ca.qc.bdeb.baldr.noyau.TaskTest" name="testFichiersDifferentsLecteurs" time="0.001"/>
  <testcase classname="ca.qc.bdeb.baldr.noyau.TaskTest" name="testRetirerFichiers" time="0.017"/>
  <testcase classname="ca.qc.bdeb.baldr.noyau.TaskTest" name="testVerifierAnalyseFaite" time="0.012"/>
  <testcase classname="ca.qc.bdeb.baldr.noyau.TaskTest" name="testFilesNull" time="0"/>
  <testcase classname="ca.qc.bdeb.baldr.noyau.TaskTest" name="testEnleverUnFichier" time="0.013"/>
  <testcase classname="ca.qc.bdeb.baldr.noyau.TaskTest" name="testGetFile" time="0.005"/>
  <testcase classname="ca.qc.bdeb.baldr.noyau.TaskTest" name="testConcatenerFichiersSansSources" time="0"/>
  <testcase classname="ca.qc.bdeb.baldr.noyau.TaskTest" name="testMarquerRestauration" time="0"/>
  <testcase classname="ca.qc.bdeb.baldr.noyau.TaskTest" name="testContientTache" time="0"/>
  <testcase classname="ca.qc.bdeb.baldr.noyau.TaskTest" name="testSupprimerSource" time="0.001"/>
  <testcase classname="ca.qc.bdeb.baldr.noyau.TaskTest" name="estSommaireTest" time="0"/>
  <testcase classname="ca.qc.bdeb.baldr.noyau.TaskTest" name="testMettreAJourFichiersConcatenation" time="0"/>
  <testcase classname="ca.qc.bdeb.baldr.noyau.TaskTest" name="testIsSource" time="0"/>
  <testcase classname="ca.qc.bdeb.baldr.noyau.TaskTest" name="testConcatenerFichiers" time="0"/>
  <testcase classname="ca.qc.bdeb.baldr.noyau.TaskTest" name="testGetFileNull" time="0"/>
  <testcase classname="ca.qc.bdeb.baldr.noyau.TaskTest" name="testMakeComp" time="0.032"/>
  <testcase classname="ca.qc.bdeb.baldr.noyau.TaskTest" name="testerGetRes" time="0.012"/>
  <testcase classname="ca.qc.bdeb.baldr.noyau.TaskTest" name="testExtraxtImgMakeComp" time="0.012">
    <skipped/>
  </testcase>
  <testcase classname="ca.qc.bdeb.baldr.noyau.TaskTest" name="testAnalyseConcatenationFichierContenuIdentique" time="0"/>
  <testcase classname="ca.qc.bdeb.baldr.noyau.TaskTest" name="faireTestComparaison" time="0.025"/>
  <testcase classname="ca.qc.bdeb.baldr.noyau.TaskTest" name="testEnleverCommentairesRessemblanceSql" time="0.005"/>
  <testcase classname="ca.qc.bdeb.baldr.noyau.TaskTest" name="testEnleverCommentairesRessemblanceCSharp" time="0.005"/>
  <testcase classname="ca.qc.bdeb.baldr.noyau.TaskTest" name="testMettreAJourFichiers" time="0.014"/>
  <testcase classname="ca.qc.bdeb.baldr.noyau.TaskTest" name="testConcatenationComplexe" time="0.003"/>
  <testcase classname="ca.qc.bdeb.baldr.noyau.TaskTest" name="testVerifierSiMemeSource" time="0"/>
  <testcase classname="ca.qc.bdeb.baldr.noyau.TaskTest" name="testAnalyseConcatenation" time="0.027"/>
  <testcase classname="ca.qc.bdeb.baldr.noyau.TaskTest" name="testEnleverObservateur" time="0"/>
  <testcase classname="ca.qc.bdeb.baldr.noyau.TaskTest" name="testEnleverCommentairesRessemblancePython" time="0.009"/>
  <testcase classname="ca.qc.bdeb.baldr.noyau.TaskTest" name="testSetFiles" time="0"/>
  <testcase classname="ca.qc.bdeb.baldr.noyau.TaskTest" name="testRetirerSource" time="0"/>
</testsuite>